2020-07-16 15:06:13,597 - -------------k---------    >>> k                         , GT: k
2020-07-16 15:06:13,597 - --11-------------------    >>> 1                         , GT: 1
2020-07-16 15:06:13,597 - 0--------山山------------    >>> 0山                        , GT: 0山
2020-07-16 15:06:13,597 - ------付----------------    >>> 付                         , GT: 付
2020-07-16 15:06:13,597 - 0---1------------------    >>> 01                        , GT: 01
2020-07-16 15:06:13,597 - ---------------3-------    >>> 3                         , GT: 3
2020-07-16 15:06:13,597 - -------毛--ii-礼---------    >>> 毛i礼                       , GT: 毛i礼
2020-07-16 15:06:13,598 - -------q----aa---------    >>> qa                        , GT: qa
2020-07-16 15:06:13,598 - -----------亏---uu------    >>> 亏u                        , GT: 亏u
2020-07-16 15:06:13,598 - 0----2-----------------    >>> 02                        , GT: 02
2020-07-16 15:06:13,598 - --------------斤--------    >>> 斤                         , GT: 斤
2020-07-16 15:06:13,598 - 0----2-----------------    >>> 02                        , GT: 02
2020-07-16 15:06:13,598 - ------v---n------------    >>> vn                        , GT: vn
2020-07-16 15:06:13,598 - 0----------------------    >>> 0                         , GT: 0
2020-07-16 15:06:13,598 - --------r-----计--------    >>> r计                        , GT: r计
2020-07-16 15:06:13,598 - ---2---不---------------    >>> 2不                        , GT: 2本
2020-07-16 15:06:13,598 - ------------且----------    >>> 且                         , GT: 且
2020-07-16 15:06:13,599 - -22------a---p---------    >>> 2ap                       , GT: 2ap
2020-07-16 15:06:13,599 - ------爪----------------    >>> 爪                         , GT: 爪
2020-07-16 15:06:13,599 - 0--------------付-------    >>> 0付                        , GT: 0付
2020-07-16 15:06:13,599 - 0----gg--h-------------    >>> 0gh                       , GT: 0gh
2020-07-16 15:06:13,599 - 33--------轧轧-----------    >>> 3轧                        , GT: 3轧
2020-07-16 15:06:13,599 - ----------h--b--s------    >>> hbs                       , GT: hbs
2020-07-16 15:06:13,599 - 0----3-----------------    >>> 03                        , GT: 03
2020-07-16 15:06:13,599 - --------卜--------------    >>> 卜                         , GT: 卜
2020-07-16 15:06:13,599 - ----3------------------    >>> 3                         , GT: 3
2020-07-16 15:06:13,599 - ------------9----------    >>> 9                         , GT: 9
2020-07-16 15:06:13,600 - 0----------------------    >>> 0                         , GT: 0
2020-07-16 15:06:13,600 - -------斗---v---e-------    >>> 斗ve                       , GT: 斗ve
2020-07-16 15:06:13,600 - ---4-----e-------------    >>> 4e                        , GT: 4e
2020-07-16 15:06:13,600 - 0----------t-----------    >>> 0t                        , GT: 0t
2020-07-16 15:06:13,600 - -------劝------刃--------    >>> 劝刃                        , GT: 劝刃
2020-07-16 15:06:13,600 - ------o----------------    >>> o                         , GT: o
2020-07-16 15:06:13,600 - 0--------6-------------    >>> 06                        , GT: 06
2020-07-16 15:06:13,600 - ----5------w-----------    >>> 5w                        , GT: 5w
2020-07-16 15:06:13,600 - 0-----p--乐-------------    >>> 0p乐                       , GT: 0p乐
2020-07-16 15:06:13,600 - ------------q----------    >>> q                         , GT: q
2020-07-16 15:06:13,601 - ---55---------zz-------    >>> 5z                        , GT: 5z
2020-07-16 15:06:13,601 - ------------ff---------    >>> f                         , GT: f
2020-07-16 15:06:13,601 - 0--------------由-------    >>> 0由                        , GT: 0由
2020-07-16 15:06:13,601 - ----5---x--古-----------    >>> 5x古                       , GT: 5x古
2020-07-16 15:06:13,601 - 0--------左-------------    >>> 0左                        , GT: 0左
2020-07-16 15:06:13,601 - 555---也-----1----------    >>> 5也1                       , GT: 5也1
2020-07-16 15:06:13,601 - ---------------夫-------    >>> 夫                         , GT: 夫
2020-07-16 15:06:13,601 - ------4----5-----------    >>> 45                        , GT: 45
2020-07-16 15:06:13,601 - ---66----弓-------------    >>> 6弓                        , GT: 6弓
2020-07-16 15:06:13,601 - 0----------------------    >>> 0                         , GT: 0
2020-07-16 15:06:13,601 - 0----6--q--------------    >>> 06q                       , GT: 06q
2020-07-16 15:06:13,602 - ---------2-----i-------    >>> 2i                        , GT: 2i
2020-07-16 15:06:13,602 - ------------双----------    >>> 双                         , GT: 双
2020-07-16 15:06:13,602 - --66-------------------    >>> 6                         , GT: 6
2020-07-16 15:06:13,602 - 0----------------------    >>> 0                         , GT: 0
2020-07-16 15:06:13,602 - ---------心-------------    >>> 心                         , GT: 心
2020-07-16 15:06:13,602 - -----t-----s---h-------    >>> tsh                       , GT: tsh
2020-07-16 15:06:13,602 - ---7-------c-----------    >>> 7c                        , GT: 7c
2020-07-16 15:06:13,602 - 0----w-----------------    >>> 0w                        , GT: 0w
2020-07-16 15:06:13,602 - --------x--------------    >>> x                         , GT: x
2020-07-16 15:06:13,602 - ------5----------------    >>> 5                         , GT: 5
2020-07-16 15:06:13,603 - 0----------------------    >>> 0                         , GT: 0
2020-07-16 15:06:13,603 - ----8----u---h---------    >>> 8uh                       , GT: 8uh
2020-07-16 15:06:13,603 - --88-------------------    >>> 8                         , GT: 8
2020-07-16 15:06:13,603 - -----------z---不-------    >>> z不                        , GT: z不
2020-07-16 15:06:13,603 - --------3--------------    >>> 3                         , GT: 3
2020-07-16 15:06:13,603 - 0----ff----------------    >>> 0f                        , GT: 0f
2020-07-16 15:06:13,603 - -----k-----------------    >>> k                         , GT: k
2020-07-16 15:06:13,603 - ---9-------------------    >>> 9                         , GT: 9
2020-07-16 15:06:13,603 - 0-------f---儿----------    >>> 0f儿                       , GT: 0f儿
2020-07-16 15:06:13,603 - ---9-------------------    >>> 9                         , GT: 9
2020-07-16 15:06:13,604 - 0---------q---z--------    >>> 0qz                       , GT: 0qz
2020-07-16 15:06:13,604 - ------予予---------------    >>> 予                         , GT: 予
2020-07-16 15:06:13,604 - -----------t-----------    >>> t                         , GT: t
2020-07-16 15:06:13,604 - ---b---y---------------    >>> by                        , GT: by
2020-07-16 15:06:13,604 - ---------尺-------------    >>> 尺                         , GT: 尺
2020-07-16 15:06:13,604 - 0-------------4--------    >>> 04                        , GT: 04
2020-07-16 15:06:13,604 - ---bb----------由-------    >>> b由                        , GT: b由
2020-07-16 15:06:13,604 - 0-----------8----------    >>> 08                        , GT: 08
2020-07-16 15:06:13,604 - ------手---z------------    >>> 手z                        , GT: 手z
2020-07-16 15:06:13,604 - 0---------乎---7--------    >>> 0乎7                       , GT: 0乎7
2020-07-16 15:06:13,605 - ----d--k---------------    >>> dk                        , GT: dk
2020-07-16 15:06:13,605 - 0--------4-------------    >>> 04                        , GT: 04
2020-07-16 15:06:13,605 - ---e-------------------    >>> e                         , GT: e
2020-07-16 15:06:13,605 - ------------亡--c-------    >>> 亡c                        , GT: 亡c
2020-07-16 15:06:13,605 - -----rr----------------    >>> r                         , GT: r
2020-07-16 15:06:13,605 - --ee-----仪-------------    >>> e仪                        , GT: e仪
2020-07-16 15:06:13,605 - 0-----u----------------    >>> 0u                        , GT: 0u
2020-07-16 15:06:13,605 - -------------l---------    >>> l                         , GT: l
2020-07-16 15:06:13,605 - ------u--------r-------    >>> ur                        , GT: ur
2020-07-16 15:06:13,605 - 0---f-----汉------------    >>> 0f汉                       , GT: 0f汉
2020-07-16 15:06:13,606 - -------------c---------    >>> c                         , GT: c
2020-07-16 15:06:13,606 - ----f------------------    >>> f                         , GT: f
2020-07-16 15:06:13,606 - 0------仆---9-m---------    >>> 0仆9m                      , GT: 0仆9m
2020-07-16 15:06:13,606 - ---------------王-------    >>> 王                         , GT: 王
2020-07-16 15:06:13,606 - 0----g-----w----dd-----    >>> 0gwd                      , GT: 0gwd
2020-07-16 15:06:13,606 - --------厉--------------    >>> 厉                         , GT: 厉
2020-07-16 15:06:13,606 - --------------n--------    >>> n                         , GT: n
2020-07-16 15:06:13,606 - 0---gg-----------------    >>> 0g                        , GT: 0g
2020-07-16 15:06:13,606 - -------归---右--内内-------    >>> 归右内                       , GT: 归右内
2020-07-16 15:06:13,606 - --------------7--------    >>> 7                         , GT: 7
2020-07-16 15:06:13,607 - 0-----毛毛---不-----------    >>> 0毛不                       , GT: 0毛不
2020-07-16 15:06:13,607 - ----g------------------    >>> g                         , GT: g
2020-07-16 15:06:13,607 - 0--------o-------------    >>> 0o                        , GT: 0o
2020-07-16 15:06:13,607 - ----h------------------    >>> h                         , GT: h
2020-07-16 15:06:13,607 - -------i---22----------    >>> i2                        , GT: i2
2020-07-16 15:06:13,607 - 0----------------------    >>> 0                         , GT: 0
2020-07-16 15:06:13,607 - ---h----qq---卜---------    >>> hq卜                       , GT: hq卜
2020-07-16 15:06:13,607 - ------p----------------    >>> p                         , GT: p
2020-07-16 15:06:13,607 - --------------rr-------    >>> r                         , GT: r
2020-07-16 15:06:13,607 - ------------e----------    >>> e                         , GT: e
2020-07-16 15:06:13,608 - 0-----2---句------------    >>> 02句                       , GT: 02句
2020-07-16 15:06:13,608 - --ii-------------------    >>> i                         , GT: i
2020-07-16 15:06:13,608 - 0----------------------    >>> 0                         , GT: 0
2020-07-16 15:06:13,608 - ------k-----s----------    >>> ks                        , GT: ks
2020-07-16 15:06:13,608 - ----i----灭灭------------    >>> i灭                        , GT: i灭
2020-07-16 15:06:13,608 - ---------k---叼--寸------    >>> k叼寸                       , GT: k叼寸
2020-07-16 15:06:13,608 - ------l----------------    >>> l                         , GT: l
2020-07-16 15:06:13,608 - 0----j-----------------    >>> 0j                        , GT: 0j
2020-07-16 15:06:13,608 - ------y--tt------------    >>> yt                        , GT: yt
2020-07-16 15:06:13,608 - jjj--------仙-----------    >>> j仙                        , GT: j仙
2020-07-16 15:06:13,608 - 0----------------------    >>> 0                         , GT: 0
2020-07-16 15:06:13,608 - ------勿----------------    >>> 勿                         , GT: 勿
2020-07-16 15:06:13,608 - 0----------ff----------    >>> 0f                        , GT: 0f
2020-07-16 15:06:13,609 - ---------y-------------    >>> y                         , GT: y
2020-07-16 15:06:13,609 - --jj-------------------    >>> j                         , GT: j
2020-07-16 15:06:13,609 - -----j-----------------    >>> j                         , GT: j
2020-07-16 15:06:13,609 - 0-------左--------------    >>> 0左                        , GT: 0左
2020-07-16 15:06:13,609 - --------------o--------    >>> o                         , GT: o
2020-07-16 15:06:13,609 - ------------6----------    >>> 6                         , GT: 6
2020-07-16 15:06:13,609 - 0---------一------------    >>> 0一                        , GT: 0一
2020-07-16 15:06:15,894 - Inference Time Cost: 0.0023 sec/image; FPS: 434
